producer_class	xtools.gsea.GseaPreranked
producer_timestamp	1649192025218
param	rpt_label	A3
param	rnd_seed	12345
param	set_min	15
param	zip_report	false
param	create_svgs	false
param	scoring_scheme	weighted
param	rnk	/home/rstudio/GSEA_4.1.0/../projects/GSEA_GSE185657.rnk
param	norm	meandiv
param	out	/home/rstudio/GSEA_4.1.0/../projects
param	mode	Max_probe
param	include_only_symbols	true
param	help	false
param	set_max	200
param	gmx	../projects/Human_GOBP_AllPathways_no_GO_iea_April_01_2022_symbol.gmt
param	make_sets	true
param	plot_top_x	20
param	gui	false
param	nperm	1000
param	collapse	No_Collapse

file	../projects/A3.GseaPreranked.1649192025218/index.html
